<?xml version="1.0" encoding="UTF-8"?>
<!-- Generated by org.testng.reporters.JUnitReportReporter -->
<testsuite hostname="DESKTOP-OOAJ2R4" failures="0" tests="1" name="testCases.RegisterPageTest" time="9.361" errors="0" timestamp="2021-05-26T10:59:40 IST" skipped="0">
  <testcase classname="testCases.RegisterPageTest" name="valiadateRegisterPage" time="9.361"/>
  <system-out/>
</testsuite> <!-- testCases.RegisterPageTest -->
