<?xml version="1.0" encoding="UTF-8"?>
<!-- Generated by org.testng.reporters.JUnitReportReporter -->
<testsuite hostname="DESKTOP-OOAJ2R4" failures="0" tests="1" name="keyWords.A1_SampleTest" time="0.022" errors="0" timestamp="2021-05-20T17:35:38 IST" skipped="0">
  <testcase classname="keyWords.A1_SampleTest" name="add" time="0.022"/>
  <system-out/>
</testsuite> <!-- keyWords.A1_SampleTest -->
