<?xml version="1.0" encoding="UTF-8"?>
<!-- Generated by org.testng.reporters.JUnitReportReporter -->
<testsuite hostname="DESKTOP-OOAJ2R4" failures="0" tests="6" name="parameterizationTest.A24_SingleDataProviderButmultipleTest" time="0.026" errors="0" timestamp="2021-05-25T14:17:08 IST" skipped="0">
  <testcase classname="parameterizationTest.A24_SingleDataProviderButmultipleTest" name="loginTest" time="0.011"/>
  <system-out/>
  <testcase classname="parameterizationTest.A24_SingleDataProviderButmultipleTest" name="loginTest" time="0.003"/>
  <system-out/>
  <testcase classname="parameterizationTest.A24_SingleDataProviderButmultipleTest" name="loginTest" time="0.003"/>
  <system-out/>
  <testcase classname="parameterizationTest.A24_SingleDataProviderButmultipleTest" name="bookingTest" time="0.003"/>
  <system-out/>
  <testcase classname="parameterizationTest.A24_SingleDataProviderButmultipleTest" name="bookingTest" time="0.003"/>
  <system-out/>
  <testcase classname="parameterizationTest.A24_SingleDataProviderButmultipleTest" name="bookingTest" time="0.003"/>
  <system-out/>
</testsuite> <!-- parameterizationTest.A24_SingleDataProviderButmultipleTest -->
