<?xml version="1.0" encoding="UTF-8"?>
<!-- Generated by org.testng.reporters.JUnitReportReporter -->
<testsuite hostname="DESKTOP-OOAJ2R4" failures="0" tests="13" name="keyWords.A8_InvocationCountTest" time="0.106" errors="0" timestamp="2021-05-20T18:21:56 IST" skipped="0">
  <testcase classname="keyWords.A8_InvocationCountTest" name="login" time="0.004"/>
  <system-out/>
  <testcase classname="keyWords.A8_InvocationCountTest" name="login" time="0.012"/>
  <system-out/>
  <testcase classname="keyWords.A8_InvocationCountTest" name="login" time="0.003"/>
  <system-out/>
  <testcase classname="keyWords.A8_InvocationCountTest" name="login" time="0.003"/>
  <system-out/>
  <testcase classname="keyWords.A8_InvocationCountTest" name="login" time="0.016"/>
  <system-out/>
  <testcase classname="keyWords.A8_InvocationCountTest" name="login" time="0.011"/>
  <system-out/>
  <testcase classname="keyWords.A8_InvocationCountTest" name="login" time="0.006"/>
  <system-out/>
  <testcase classname="keyWords.A8_InvocationCountTest" name="login" time="0.027"/>
  <system-out/>
  <testcase classname="keyWords.A8_InvocationCountTest" name="login" time="0.004"/>
  <system-out/>
  <testcase classname="keyWords.A8_InvocationCountTest" name="login" time="0.004"/>
  <system-out/>
  <testcase classname="keyWords.A8_InvocationCountTest" name="search" time="0.003"/>
  <system-out/>
  <testcase classname="keyWords.A8_InvocationCountTest" name="booking" time="0.009"/>
  <system-out/>
  <testcase classname="keyWords.A8_InvocationCountTest" name="cancel" time="0.004"/>
  <system-out/>
</testsuite> <!-- keyWords.A8_InvocationCountTest -->
