<?xml version="1.0" encoding="UTF-8"?>
<!-- Generated by org.testng.reporters.JUnitReportReporter -->
<testsuite hostname="DESKTOP-OOAJ2R4" failures="0" tests="4" name="keyWords.A5_SkipTest" time="0.025" errors="0" timestamp="2021-05-20T18:38:55 IST" skipped="1">
  <testcase classname="keyWords.A5_SkipTest" name="add" time="0.019"/>
  <system-out/>
  <testcase classname="keyWords.A5_SkipTest" name="sub" time="0.003"/>
  <system-out/>
  <testcase classname="keyWords.A5_SkipTest" name="div" time="0.003"/>
  <system-out/>
  <testcase classname="keyWords.A5_SkipTest" name="mul">
    <skipped/>
  </testcase> <!-- mul -->
  <system-out/>
</testsuite> <!-- keyWords.A5_SkipTest -->
