<?xml version="1.0" encoding="UTF-8"?>
<!-- Generated by org.testng.reporters.JUnitReportReporter -->
<testsuite hostname="DESKTOP-OOAJ2R4" failures="0" tests="4" name="keyWords.A9_InvocationTimeOutTest" time="4.044" errors="0" timestamp="2021-05-20T18:31:06 IST" skipped="0">
  <testcase classname="keyWords.A9_InvocationTimeOutTest" name="login" time="4.036"/>
  <system-out/>
  <testcase classname="keyWords.A9_InvocationTimeOutTest" name="search" time="0.003"/>
  <system-out/>
  <testcase classname="keyWords.A9_InvocationTimeOutTest" name="booking" time="0.003"/>
  <system-out/>
  <testcase classname="keyWords.A9_InvocationTimeOutTest" name="cancel" time="0.002"/>
  <system-out/>
</testsuite> <!-- keyWords.A9_InvocationTimeOutTest -->
