<?xml version="1.0" encoding="UTF-8"?>
<!-- Generated by org.testng.reporters.JUnitReportReporter -->
<testsuite hostname="DESKTOP-OOAJ2R4" failures="0" tests="1" name="keyWords.SampleTest" time="0.037" errors="0" timestamp="2021-05-13T10:07:07 IST" skipped="0">
  <testcase classname="keyWords.SampleTest" name="add" time="0.037"/>
  <system-out/>
</testsuite> <!-- keyWords.SampleTest -->
