<?xml version="1.0" encoding="UTF-8"?>
<!-- Generated by org.testng.reporters.JUnitReportReporter -->
<testsuite hostname="DESKTOP-OOAJ2R4" failures="0" tests="13" name="keyWords.A8_InvocationCountTest" time="0.948" errors="0" timestamp="2021-05-14T10:54:03 IST" skipped="0">
  <testcase classname="keyWords.A8_InvocationCountTest" name="login" time="0.004"/>
  <system-out/>
  <testcase classname="keyWords.A8_InvocationCountTest" name="login" time="0.004"/>
  <system-out/>
  <testcase classname="keyWords.A8_InvocationCountTest" name="login" time="0.238"/>
  <system-out/>
  <testcase classname="keyWords.A8_InvocationCountTest" name="login" time="0.002"/>
  <system-out/>
  <testcase classname="keyWords.A8_InvocationCountTest" name="login" time="0.018"/>
  <system-out/>
  <testcase classname="keyWords.A8_InvocationCountTest" name="login" time="0.004"/>
  <system-out/>
  <testcase classname="keyWords.A8_InvocationCountTest" name="login" time="0.019"/>
  <system-out/>
  <testcase classname="keyWords.A8_InvocationCountTest" name="login" time="0.007"/>
  <system-out/>
  <testcase classname="keyWords.A8_InvocationCountTest" name="login" time="0.015"/>
  <system-out/>
  <testcase classname="keyWords.A8_InvocationCountTest" name="login" time="0.038"/>
  <system-out/>
  <testcase classname="keyWords.A8_InvocationCountTest" name="search" time="0.362"/>
  <system-out/>
  <testcase classname="keyWords.A8_InvocationCountTest" name="booking" time="0.181"/>
  <system-out/>
  <testcase classname="keyWords.A8_InvocationCountTest" name="cancel" time="0.056"/>
  <system-out/>
</testsuite> <!-- keyWords.A8_InvocationCountTest -->
