<?xml version="1.0" encoding="UTF-8"?>
<!-- Generated by org.testng.reporters.JUnitReportReporter -->
<testsuite hostname="DESKTOP-OOAJ2R4" failures="0" tests="2" name="parallelTest.ParallelTest" time="114.782" errors="0" timestamp="2021-05-25T12:14:41 IST" skipped="0">
  <testcase classname="parallelTest.ParallelTest" name="googleTest" time="53.966"/>
  <system-out/>
  <testcase classname="parallelTest.ParallelTest" name="googleTest" time="60.816"/>
  <system-out/>
</testsuite> <!-- parallelTest.ParallelTest -->
