<?xml version="1.0" encoding="UTF-8"?>
<!-- Generated by org.testng.reporters.JUnitReportReporter -->
<testsuite hostname="DESKTOP-OOAJ2R4" failures="0" tests="3" name="groupTest.sample" time="0.042" errors="0" timestamp="2021-05-25T17:10:11 IST" skipped="0">
  <testcase classname="groupTest.sample" name="loginTest" time="0.033"/>
  <system-out/>
  <testcase classname="groupTest.sample" name="bookingTest" time="0.006"/>
  <system-out/>
  <testcase classname="groupTest.sample" name="cancelTest" time="0.003"/>
  <system-out/>
</testsuite> <!-- groupTest.sample -->
