<?xml version="1.0" encoding="UTF-8"?>
<!-- Generated by org.testng.reporters.JUnitReportReporter -->
<testsuite hostname="DESKTOP-OOAJ2R4" failures="0" tests="3" name="parameterizationTest.A22_SingleTestSingleDataProviderTest" time="0.103" errors="0" timestamp="2021-05-20T09:50:17 IST" skipped="0">
  <testcase classname="parameterizationTest.A22_SingleTestSingleDataProviderTest" name="loginTest" time="0.042"/>
  <system-out/>
  <testcase classname="parameterizationTest.A22_SingleTestSingleDataProviderTest" name="loginTest" time="0.034"/>
  <system-out/>
  <testcase classname="parameterizationTest.A22_SingleTestSingleDataProviderTest" name="loginTest" time="0.027"/>
  <system-out/>
</testsuite> <!-- parameterizationTest.A22_SingleTestSingleDataProviderTest -->
