<?xml version="1.0" encoding="UTF-8"?>
<!-- Generated by org.testng.reporters.JUnitReportReporter -->
<testsuite hostname="DESKTOP-OOAJ2R4" failures="0" tests="6" name="parameterizationTest.A23_MultiTestMultiDataTest" time="0.056" errors="0" timestamp="2021-05-27T12:59:09 IST" skipped="0">
  <testcase classname="parameterizationTest.A23_MultiTestMultiDataTest" name="loginTest" time="0.011"/>
  <system-out/>
  <testcase classname="parameterizationTest.A23_MultiTestMultiDataTest" name="loginTest" time="0.020"/>
  <system-out/>
  <testcase classname="parameterizationTest.A23_MultiTestMultiDataTest" name="loginTest" time="0.007"/>
  <system-out/>
  <testcase classname="parameterizationTest.A23_MultiTestMultiDataTest" name="bookingTest" time="0.005"/>
  <system-out/>
  <testcase classname="parameterizationTest.A23_MultiTestMultiDataTest" name="bookingTest" time="0.008"/>
  <system-out/>
  <testcase classname="parameterizationTest.A23_MultiTestMultiDataTest" name="bookingTest" time="0.005"/>
  <system-out/>
</testsuite> <!-- parameterizationTest.A23_MultiTestMultiDataTest -->
