<?xml version="1.0" encoding="UTF-8"?>
<!-- Generated by org.testng.reporters.JUnitReportReporter -->
<testsuite hostname="DESKTOP-OOAJ2R4" failures="0" tests="4" name="testngInterface.ITestResultTest" time="0.214" errors="0" timestamp="2021-05-21T10:30:56 IST" skipped="0">
  <testcase classname="testngInterface.ITestResultTest" name="loginTest" time="0.151"/>
  <system-out/>
  <testcase classname="testngInterface.ITestResultTest" name="searchTest" time="0.009"/>
  <system-out/>
  <testcase classname="testngInterface.ITestResultTest" name="bookingTest" time="0.019"/>
  <system-out/>
  <testcase classname="testngInterface.ITestResultTest" name="cancelTest" time="0.035"/>
  <system-out/>
</testsuite> <!-- testngInterface.ITestResultTest -->
