<?xml version="1.0" encoding="UTF-8"?>
<!-- Generated by org.testng.reporters.JUnitReportReporter -->
<testsuite hostname="DESKTOP-OOAJ2R4" failures="0" tests="4" name="annotationsTest.A12_BeforeClassTest" time="0.095" errors="0" timestamp="2021-05-14T10:21:29 IST" skipped="0">
  <testcase classname="annotationsTest.A12_BeforeClassTest" name="loginTest" time="0.018"/>
  <system-out/>
  <testcase classname="annotationsTest.A12_BeforeClassTest" name="searchTest" time="0.030"/>
  <system-out/>
  <testcase classname="annotationsTest.A12_BeforeClassTest" name="bookingTest" time="0.025"/>
  <system-out/>
  <testcase classname="annotationsTest.A12_BeforeClassTest" name="cancelTest" time="0.022"/>
  <system-out/>
</testsuite> <!-- annotationsTest.A12_BeforeClassTest -->
