<?xml version="1.0" encoding="UTF-8"?>
<!-- Generated by org.testng.reporters.JUnitReportReporter -->
<testsuite hostname="DESKTOP-OOAJ2R4" failures="0" tests="3" name="parameterizationTest.A22_SingleTestSingleDataProviderTest" time="0.035" errors="0" timestamp="2021-05-18T11:02:37 IST" skipped="0">
  <testcase classname="parameterizationTest.A22_SingleTestSingleDataProviderTest" name="loginTest" time="0.018"/>
  <system-out/>
  <testcase classname="parameterizationTest.A22_SingleTestSingleDataProviderTest" name="loginTest" time="0.008"/>
  <system-out/>
  <testcase classname="parameterizationTest.A22_SingleTestSingleDataProviderTest" name="loginTest" time="0.009"/>
  <system-out/>
</testsuite> <!-- parameterizationTest.A22_SingleTestSingleDataProviderTest -->
