<?xml version="1.0" encoding="UTF-8"?>
<!-- Generated by org.testng.reporters.JUnitReportReporter -->
<testsuite hostname="DESKTOP-OOAJ2R4" failures="0" tests="4" name="keyWords.A6_DescriptionTest" time="0.038" errors="0" timestamp="2021-05-20T18:08:25 IST" skipped="0">
  <testcase classname="keyWords.A6_DescriptionTest" name="add" time="0.021"/>
  <system-out/>
  <testcase classname="keyWords.A6_DescriptionTest" name="sub" time="0.003"/>
  <system-out/>
  <testcase classname="keyWords.A6_DescriptionTest" name="mul" time="0.010"/>
  <system-out/>
  <testcase classname="keyWords.A6_DescriptionTest" name="div" time="0.004"/>
  <system-out/>
</testsuite> <!-- keyWords.A6_DescriptionTest -->
