<?xml version="1.0" encoding="UTF-8"?>
<!-- Generated by org.testng.reporters.JUnitReportReporter -->
<testsuite hostname="DESKTOP-OOAJ2R4" failures="0" tests="4" name="keyWords.PriorityInClassTest" time="0.034" errors="0" timestamp="2021-05-13T10:19:26 IST" skipped="0">
  <testcase classname="keyWords.PriorityInClassTest" name="login" time="0.006"/>
  <system-out/>
  <testcase classname="keyWords.PriorityInClassTest" name="booking" time="0.014"/>
  <system-out/>
  <testcase classname="keyWords.PriorityInClassTest" name="search" time="0.012"/>
  <system-out/>
  <testcase classname="keyWords.PriorityInClassTest" name="cancel" time="0.002"/>
  <system-out/>
</testsuite> <!-- keyWords.PriorityInClassTest -->
