<?xml version="1.0" encoding="UTF-8"?>
<!-- Generated by org.testng.reporters.JUnitReportReporter -->
<testsuite hostname="DESKTOP-OOAJ2R4" failures="0" tests="4" name="keyWords.A5_SkipTest" time="0.030" errors="0" timestamp="2021-05-13T10:35:12 IST" skipped="1">
  <testcase classname="keyWords.A5_SkipTest" name="add" time="0.021"/>
  <system-out/>
  <testcase classname="keyWords.A5_SkipTest" name="sub" time="0.004"/>
  <system-out/>
  <testcase classname="keyWords.A5_SkipTest" name="div" time="0.005"/>
  <system-out/>
  <testcase classname="keyWords.A5_SkipTest" name="mul">
    <skipped/>
  </testcase> <!-- mul -->
  <system-out/>
</testsuite> <!-- keyWords.A5_SkipTest -->
