<?xml version="1.0" encoding="UTF-8"?>
<!-- Generated by org.testng.reporters.JUnitReportReporter -->
<testsuite hostname="DESKTOP-OOAJ2R4" failures="0" tests="4" name="keyWords.PriorityTest" time="0.151" errors="0" timestamp="2021-05-13T10:14:53 IST" skipped="0">
  <testcase classname="keyWords.PriorityTest" name="add" time="0.091"/>
  <system-out/>
  <testcase classname="keyWords.PriorityTest" name="sub" time="0.030"/>
  <system-out/>
  <testcase classname="keyWords.PriorityTest" name="mul" time="0.019"/>
  <system-out/>
  <testcase classname="keyWords.PriorityTest" name="div" time="0.011"/>
  <system-out/>
</testsuite> <!-- keyWords.PriorityTest -->
