<?xml version="1.0" encoding="UTF-8"?>
<!-- Generated by org.testng.reporters.JUnitReportReporter -->
<testsuite hostname="DESKTOP-OOAJ2R4" failures="0" tests="4" name="testngInterface.ITestResultTest" time="0.111" errors="0" timestamp="2021-05-27T13:23:51 IST" skipped="0">
  <testcase classname="testngInterface.ITestResultTest" name="loginTest" time="0.029"/>
  <system-out/>
  <testcase classname="testngInterface.ITestResultTest" name="searchTest" time="0.025"/>
  <system-out/>
  <testcase classname="testngInterface.ITestResultTest" name="bookingTest" time="0.033"/>
  <system-out/>
  <testcase classname="testngInterface.ITestResultTest" name="cancelTest" time="0.024"/>
  <system-out/>
</testsuite> <!-- testngInterface.ITestResultTest -->
