<?xml version="1.0" encoding="UTF-8"?>
<!-- Generated by org.testng.reporters.JUnitReportReporter -->
<testsuite hostname="DESKTOP-OOAJ2R4" failures="0" tests="3" name="parameterizationTest.A22_SingleTestSingleDataProviderTest" time="0.033" errors="0" timestamp="2021-05-27T12:48:55 IST" skipped="0">
  <testcase classname="parameterizationTest.A22_SingleTestSingleDataProviderTest" name="loginTest" time="0.018"/>
  <system-out/>
  <testcase classname="parameterizationTest.A22_SingleTestSingleDataProviderTest" name="loginTest" time="0.006"/>
  <system-out/>
  <testcase classname="parameterizationTest.A22_SingleTestSingleDataProviderTest" name="loginTest" time="0.009"/>
  <system-out/>
</testsuite> <!-- parameterizationTest.A22_SingleTestSingleDataProviderTest -->
