<?xml version="1.0" encoding="UTF-8"?>
<!-- Generated by org.testng.reporters.JUnitReportReporter -->
<testsuite hostname="DESKTOP-OOAJ2R4" failures="0" tests="4" name="annotationsTest.A11_BeforeMethodTest" time="0.056" errors="0" timestamp="2021-05-20T18:53:53 IST" skipped="0">
  <testcase classname="annotationsTest.A11_BeforeMethodTest" name="loginTest" time="0.016"/>
  <system-out/>
  <testcase classname="annotationsTest.A11_BeforeMethodTest" name="searchTest" time="0.021"/>
  <system-out/>
  <testcase classname="annotationsTest.A11_BeforeMethodTest" name="bookingTest" time="0.011"/>
  <system-out/>
  <testcase classname="annotationsTest.A11_BeforeMethodTest" name="cancelTest" time="0.008"/>
  <system-out/>
</testsuite> <!-- annotationsTest.A11_BeforeMethodTest -->
