<?xml version="1.0" encoding="UTF-8"?>
<!-- Generated by org.testng.reporters.JUnitReportReporter -->
<testsuite hostname="DESKTOP-OOAJ2R4" failures="0" tests="4" name="annotationsTest.A13_BeforeTestTest" time="0.043" errors="0" timestamp="2021-05-14T10:29:02 IST" skipped="0">
  <testcase classname="annotationsTest.A13_BeforeTestTest" name="loginTest" time="0.020"/>
  <system-out/>
  <testcase classname="annotationsTest.A13_BeforeTestTest" name="searchTest" time="0.006"/>
  <system-out/>
  <testcase classname="annotationsTest.A13_BeforeTestTest" name="bookingTest" time="0.011"/>
  <system-out/>
  <testcase classname="annotationsTest.A13_BeforeTestTest" name="cancelTest" time="0.006"/>
  <system-out/>
</testsuite> <!-- annotationsTest.A13_BeforeTestTest -->
