<?xml version="1.0" encoding="UTF-8"?>
<!-- Generated by org.testng.reporters.JUnitReportReporter -->
<testsuite hostname="DESKTOP-OOAJ2R4" failures="0" tests="8" name="groupTest.GroupTest" time="0.138" errors="0" timestamp="2021-05-25T16:50:36 IST" skipped="0">
  <testcase classname="groupTest.GroupTest" name="loginTest" time="0.010"/>
  <system-out/>
  <testcase classname="groupTest.GroupTest" name="loginTest" time="0.095"/>
  <system-out/>
  <testcase classname="groupTest.GroupTest" name="loginTest" time="0.003"/>
  <system-out/>
  <testcase classname="groupTest.GroupTest" name="searchTest" time="0.009"/>
  <system-out/>
  <testcase classname="groupTest.GroupTest" name="searchTest" time="0.011"/>
  <system-out/>
  <testcase classname="groupTest.GroupTest" name="bookingTest" time="0.004"/>
  <system-out/>
  <testcase classname="groupTest.GroupTest" name="bookingTest" time="0.003"/>
  <system-out/>
  <testcase classname="groupTest.GroupTest" name="cancelTest" time="0.003"/>
  <system-out/>
</testsuite> <!-- groupTest.GroupTest -->
