<?xml version="1.0" encoding="UTF-8"?>
<!-- Generated by org.testng.reporters.JUnitReportReporter -->
<testsuite hostname="DESKTOP-OOAJ2R4" failures="0" tests="4" name="keyWords.A2_PriorityTest" time="0.074" errors="0" timestamp="2021-05-20T17:40:13 IST" skipped="0">
  <testcase classname="keyWords.A2_PriorityTest" name="add" time="0.018"/>
  <system-out/>
  <testcase classname="keyWords.A2_PriorityTest" name="sub" time="0.009"/>
  <system-out/>
  <testcase classname="keyWords.A2_PriorityTest" name="mul" time="0.016"/>
  <system-out/>
  <testcase classname="keyWords.A2_PriorityTest" name="div" time="0.031"/>
  <system-out/>
</testsuite> <!-- keyWords.A2_PriorityTest -->
