<?xml version="1.0" encoding="UTF-8"?>
<!-- Generated by org.testng.reporters.JUnitReportReporter -->
<testsuite hostname="DESKTOP-OOAJ2R4" failures="0" tests="7" name="keyWords.A4_PriorityTest2" time="0.047" errors="0" timestamp="2021-05-13T10:30:08 IST" skipped="0">
  <testcase classname="keyWords.A4_PriorityTest2" name="checkNetwork" time="0.019"/>
  <system-out/>
  <testcase classname="keyWords.A4_PriorityTest2" name="openBrowser" time="0.006"/>
  <system-out/>
  <testcase classname="keyWords.A4_PriorityTest2" name="add" time="0.006"/>
  <system-out/>
  <testcase classname="keyWords.A4_PriorityTest2" name="a_sub" time="0.002"/>
  <system-out/>
  <testcase classname="keyWords.A4_PriorityTest2" name="b_getData" time="0.004"/>
  <system-out/>
  <testcase classname="keyWords.A4_PriorityTest2" name="mul" time="0.003"/>
  <system-out/>
  <testcase classname="keyWords.A4_PriorityTest2" name="div" time="0.007"/>
  <system-out/>
</testsuite> <!-- keyWords.A4_PriorityTest2 -->
