<?xml version="1.0" encoding="UTF-8"?>
<!-- Generated by org.testng.reporters.JUnitReportReporter -->
<testsuite hostname="DESKTOP-OOAJ2R4" failures="0" tests="7" name="groupTest.GroupTest" time="0.095" errors="0" timestamp="2021-05-17T10:45:05 IST" skipped="0">
  <testcase classname="groupTest.GroupTest" name="loginTest" time="0.057"/>
  <system-out/>
  <testcase classname="groupTest.GroupTest" name="loginTest" time="0.006"/>
  <system-out/>
  <testcase classname="groupTest.GroupTest" name="loginTest" time="0.004"/>
  <system-out/>
  <testcase classname="groupTest.GroupTest" name="searchTest" time="0.012"/>
  <system-out/>
  <testcase classname="groupTest.GroupTest" name="bookingTest" time="0.007"/>
  <system-out/>
  <testcase classname="groupTest.GroupTest" name="bookingTest" time="0.006"/>
  <system-out/>
  <testcase classname="groupTest.GroupTest" name="cancelTest" time="0.003"/>
  <system-out/>
</testsuite> <!-- groupTest.GroupTest -->
