<?xml version="1.0" encoding="UTF-8"?>
<!-- Generated by org.testng.reporters.JUnitReportReporter -->
<testsuite hostname="DESKTOP-OOAJ2R4" failures="0" tests="3" name="datapassingFromXml.A20_ParameterTest" time="0.026" errors="0" timestamp="2021-05-25T14:11:54 IST" skipped="0">
  <testcase classname="datapassingFromXml.A20_ParameterTest" name="loginTest" time="0.002"/>
  <system-out/>
  <testcase classname="datapassingFromXml.A20_ParameterTest" name="loginTest" time="0.021"/>
  <system-out/>
  <testcase classname="datapassingFromXml.A20_ParameterTest" name="loginTest" time="0.003"/>
  <system-out/>
</testsuite> <!-- datapassingFromXml.A20_ParameterTest -->
