<?xml version="1.0" encoding="UTF-8"?>
<!-- Generated by org.testng.reporters.JUnitReportReporter -->
<testsuite hostname="DESKTOP-OOAJ2R4" failures="0" tests="4" name="keyWords.A3_PriorityInClassTest" time="0.029" errors="0" timestamp="2021-05-20T17:51:35 IST" skipped="0">
  <testcase classname="keyWords.A3_PriorityInClassTest" name="booking" time="0.021"/>
  <system-out/>
  <testcase classname="keyWords.A3_PriorityInClassTest" name="search" time="0.003"/>
  <system-out/>
  <testcase classname="keyWords.A3_PriorityInClassTest" name="login" time="0.002"/>
  <system-out/>
  <testcase classname="keyWords.A3_PriorityInClassTest" name="cancel" time="0.003"/>
  <system-out/>
</testsuite> <!-- keyWords.A3_PriorityInClassTest -->
