<?xml version="1.0" encoding="UTF-8"?>
<!-- Generated by org.testng.reporters.JUnitReportReporter -->
<testsuite hostname="DESKTOP-OOAJ2R4" failures="0" tests="6" name="parameterizationTest.A23_MultiTestMultiDataTest" time="0.035" errors="0" timestamp="2021-05-20T10:18:10 IST" skipped="0">
  <testcase classname="parameterizationTest.A23_MultiTestMultiDataTest" name="loginTest" time="0.006"/>
  <system-out/>
  <testcase classname="parameterizationTest.A23_MultiTestMultiDataTest" name="loginTest" time="0.014"/>
  <system-out/>
  <testcase classname="parameterizationTest.A23_MultiTestMultiDataTest" name="loginTest" time="0.004"/>
  <system-out/>
  <testcase classname="parameterizationTest.A23_MultiTestMultiDataTest" name="bookingTest" time="0.005"/>
  <system-out/>
  <testcase classname="parameterizationTest.A23_MultiTestMultiDataTest" name="bookingTest" time="0.004"/>
  <system-out/>
  <testcase classname="parameterizationTest.A23_MultiTestMultiDataTest" name="bookingTest" time="0.002"/>
  <system-out/>
</testsuite> <!-- parameterizationTest.A23_MultiTestMultiDataTest -->
