<?xml version="1.0" encoding="UTF-8"?>
<!-- Generated by org.testng.reporters.JUnitReportReporter -->
<testsuite hostname="DESKTOP-OOAJ2R4" failures="0" tests="1" name="screenshotTestForFail.A16_FailedCaseScreenshotTest" time="16.580" errors="0" timestamp="2021-05-25T14:05:58 IST" skipped="0">
  <testcase classname="screenshotTestForFail.A16_FailedCaseScreenshotTest" name="loginTest" time="16.580"/>
  <system-out/>
</testsuite> <!-- screenshotTestForFail.A16_FailedCaseScreenshotTest -->
