<?xml version="1.0" encoding="UTF-8"?>
<!-- Generated by org.testng.reporters.JUnitReportReporter -->
<testsuite hostname="DESKTOP-OOAJ2R4" failures="0" tests="3" name="com.vcentry.product.testcases.ProductPageTest" time="41.708" errors="0" timestamp="2021-06-18T08:47:24 IST" skipped="0">
  <testcase classname="com.vcentry.product.testcases.ProductPageTest" name="validateProductPage" time="11.961"/>
  <system-out/>
  <testcase classname="com.vcentry.product.testcases.ProductPageTest" name="validateProductPage" time="12.692"/>
  <system-out/>
  <testcase classname="com.vcentry.product.testcases.ProductPageTest" name="validateProductPage" time="17.055"/>
  <system-out/>
</testsuite> <!-- com.vcentry.product.testcases.ProductPageTest -->
