<?xml version="1.0" encoding="UTF-8"?>
<!-- Generated by org.testng.reporters.JUnitReportReporter -->
<testsuite hostname="DESKTOP-OOAJ2R4" failures="0" tests="4" name="com.vcentry.product.testcases.ProductPageTest" time="67.835" errors="0" timestamp="2021-06-20T18:11:18 IST" skipped="0">
  <testcase classname="com.vcentry.product.testcases.ProductPageTest" name="validateProductPage" time="16.207"/>
  <system-out/>
  <testcase classname="com.vcentry.product.testcases.ProductPageTest" name="validateProductPage" time="18.749"/>
  <system-out/>
  <testcase classname="com.vcentry.product.testcases.ProductPageTest" name="validateProductPage" time="16.507"/>
  <system-out/>
  <testcase classname="com.vcentry.product.testcases.ProductPageTest" name="validateProductPage" time="16.372"/>
  <system-out/>
</testsuite> <!-- com.vcentry.product.testcases.ProductPageTest -->
