<?xml version="1.0" encoding="UTF-8"?>
<!-- Generated by org.testng.reporters.JUnitReportReporter -->
<testsuite hostname="DESKTOP-OOAJ2R4" failures="0" tests="1" name="com.vcentry.product.testcases.ProductPageTest" time="17.005" errors="0" timestamp="2021-06-15T22:21:30 IST" skipped="0">
  <testcase classname="com.vcentry.product.testcases.ProductPageTest" name="validateProductPage" time="17.005"/>
  <system-out/>
</testsuite> <!-- com.vcentry.product.testcases.ProductPageTest -->
