<?xml version="1.0" encoding="UTF-8"?>
<!-- Generated by org.testng.reporters.JUnitReportReporter -->
<testsuite hostname="DESKTOP-OOAJ2R4" failures="0" tests="1" name="com.vcentry.product.utils.ReportArchiver" time="0.126" errors="0" timestamp="2021-06-20T17:50:06 IST" skipped="0">
  <testcase classname="com.vcentry.product.utils.ReportArchiver" name="archiveScreenshot" time="0.126"/>
  <system-out/>
</testsuite> <!-- com.vcentry.product.utils.ReportArchiver -->
