<?xml version="1.0" encoding="UTF-8"?>
<!-- Generated by org.testng.reporters.JUnitReportReporter -->
<testsuite hostname="DESKTOP-OOAJ2R4" failures="0" tests="1" name="testCases.LoginPageTest" time="11.351" errors="0" timestamp="2021-05-25T11:32:01 IST" skipped="0">
  <testcase classname="testCases.LoginPageTest" name="validateLogin" time="11.351"/>
  <system-out/>
</testsuite> <!-- testCases.LoginPageTest -->
