<?xml version="1.0" encoding="UTF-8"?>
<!-- Generated by org.testng.reporters.JUnitReportReporter -->
<testsuite hostname="DESKTOP-OOAJ2R4" failures="0" tests="1" name="testCases.ProductPurchaseTest" time="22.936" errors="0" timestamp="2021-05-25T18:09:54 IST" skipped="0">
  <testcase classname="testCases.ProductPurchaseTest" name="checkingProductDeatils" time="22.936"/>
  <system-out/>
</testsuite> <!-- testCases.ProductPurchaseTest -->
