<?xml version="1.0" encoding="UTF-8"?>
<!-- Generated by org.testng.reporters.JUnitReportReporter -->
<testsuite hostname="DESKTOP-OOAJ2R4" failures="0" tests="3" name="testCases.ValidatePurchasePageTest" time="77.369" errors="0" timestamp="2021-05-26T10:00:45 IST" skipped="0">
  <testcase classname="testCases.ValidatePurchasePageTest" name="validatePurchasePage" time="23.510"/>
  <system-out/>
  <testcase classname="testCases.ValidatePurchasePageTest" name="validatePurchasePage" time="23.035"/>
  <system-out/>
  <testcase classname="testCases.ValidatePurchasePageTest" name="validatePurchasePage" time="30.824"/>
  <system-out/>
</testsuite> <!-- testCases.ValidatePurchasePageTest -->
